<?xml version="1.0" encoding="UTF-8"?>
<!-- Generated by org.testng.reporters.JUnitReportReporter -->
<testsuite hostname="Piyush-PC" name="helper.excel" tests="1" failures="0" timestamp="17 Jul 2016 14:37:49 GMT" time="2.777" errors="0">
  <testcase name="test" time="2.777" classname="helper.excel"/>
</testsuite> <!-- helper.excel -->
