<?xml version="1.0" encoding="UTF-8"?>
<!-- Generated by org.testng.reporters.JUnitReportReporter -->
<testsuite hostname="Piyush-PC" name="Amazon.BrowserName" tests="1" failures="0" timestamp="17 Jul 2016 16:57:39 GMT" time="23.563" errors="0">
  <testcase name="launch" time="23.563" classname="Amazon.BrowserName"/>
</testsuite> <!-- Amazon.BrowserName -->
