<?xml version="1.0" encoding="UTF-8"?>
<!-- Generated by org.testng.reporters.JUnitReportReporter -->
<testsuite hostname="Piyush-PC" name="Amazon.Autoit" tests="1" failures="0" timestamp="18 Jul 2016 16:27:14 GMT" time="34.847" errors="0">
  <testcase name="download" time="34.847" classname="Amazon.Autoit"/>
</testsuite> <!-- Amazon.Autoit -->
